<?xml version="1.0" encoding="UTF-8"?>
<!-- Generated by org.testng.reporters.JUnitReportReporter -->
<testsuite skipped="0" hostname="DESKTOP-5RMBV1C" name="TestNG.RegistrationTest" tests="3" failures="0" timestamp="08 Mar 2018 13:39:42 GMT" time="79.862" errors="0">
  <testcase name="Registration" time="19.915" classname="TestNG.RegistrationTest"/>
  <testcase name="Registration" time="34.350" classname="TestNG.RegistrationTest"/>
  <testcase name="Registration" time="25.597" classname="TestNG.RegistrationTest"/>
</testsuite> <!-- TestNG.RegistrationTest -->
