<?xml version="1.0" encoding="UTF-8"?>
<!-- Generated by org.testng.reporters.JUnitReportReporter -->
<testsuite skipped="0" hostname="DESKTOP-5RMBV1C" name="TestNG.FlightSearchTest" tests="1" failures="0" timestamp="10 Mar 2018 05:37:06 GMT" time="36.970" errors="0">
  <testcase name="SearchFlight" time="36.970" classname="TestNG.FlightSearchTest"/>
</testsuite> <!-- TestNG.FlightSearchTest -->
