<?xml version="1.0" encoding="UTF-8"?>
<!-- Generated by org.testng.reporters.JUnitReportReporter -->
<testsuite skipped="0" hostname="DESKTOP-5RMBV1C" name="TestNG.FlightSearchTest" tests="1" failures="0" timestamp="10 Mar 2018 04:19:36 GMT" time="18.736" errors="0">
  <testcase name="SearchFlight" time="18.736" classname="TestNG.FlightSearchTest"/>
</testsuite> <!-- TestNG.FlightSearchTest -->
