<?xml version="1.0" encoding="UTF-8"?>
<!-- Generated by org.testng.reporters.JUnitReportReporter -->
<testsuite skipped="0" hostname="DESKTOP-5RMBV1C" name="TestNG.RegistrationTest" tests="3" failures="0" timestamp="10 Mar 2018 03:45:15 GMT" time="68.865" errors="0">
  <testcase name="Registration" time="22.924" classname="TestNG.RegistrationTest"/>
  <testcase name="Registration" time="24.629" classname="TestNG.RegistrationTest"/>
  <testcase name="Registration" time="21.312" classname="TestNG.RegistrationTest"/>
</testsuite> <!-- TestNG.RegistrationTest -->
