<?xml version="1.0" encoding="UTF-8"?>
<!-- Generated by org.testng.reporters.JUnitReportReporter -->
<testsuite skipped="0" hostname="DESKTOP-5RMBV1C" name="TestNG.FlightSearchTest" tests="1" failures="0" timestamp="10 Mar 2018 03:45:15 GMT" time="27.933" errors="0">
  <testcase name="SearchFlight" time="27.933" classname="TestNG.FlightSearchTest"/>
</testsuite> <!-- TestNG.FlightSearchTest -->
