<?xml version="1.0" encoding="UTF-8"?>
<!-- Generated by org.testng.reporters.JUnitReportReporter -->
<testsuite skipped="0" hostname="DESKTOP-5RMBV1C" name="TestNG.RegistrationTest" tests="3" failures="0" timestamp="10 Mar 2018 06:44:42 GMT" time="85.331" errors="0">
  <testcase name="Registration" time="23.740" classname="TestNG.RegistrationTest"/>
  <testcase name="Registration" time="31.357" classname="TestNG.RegistrationTest"/>
  <testcase name="Registration" time="30.234" classname="TestNG.RegistrationTest"/>
</testsuite> <!-- TestNG.RegistrationTest -->
